<?xml version="1.0" encoding="UTF-8"?>
<testsuite xmlns:xsi="http://www.w3.org/2001/XMLSchema-instance" xsi:noNamespaceSchemaLocation="https://maven.apache.org/surefire/maven-surefire-plugin/xsd/surefire-test-report-3.0.xsd" version="3.0" name="ru.legeu.dailybet.utils.ParseDataTest" time="0.045" tests="1" errors="0" skipped="0" failures="0">
  <properties>
[...]
</properties>
  <testcase name="getTimezonedDate" classname="ru.legeu.dailybet.utils.ParseDataTest" time="0.028">
    <system-out><![CDATA[2024-04-12 18:52:00
]]></system-out>
  </testcase>
</testsuite>